<?xml version="1.0" encoding="UTF-8"?>
<testsuites name="Mocha Tests" time="20.586" tests="1" failures="0">
  <testsuite name="Root Suite" timestamp="2026-07-24T12:00:40" tests="0" file="cypress\e2e\features\carrinho.feature" time="0.000" failures="0">
  </testsuite>
  <testsuite name="Carrinho de Compras" timestamp="2026-07-24T12:00:40" tests="1" time="20.578" failures="0">
    <testcase name="Carrinho de Compras Adicionar produto ao carrinho" time="20.379" classname="Adicionar produto ao carrinho">
    </testcase>
  </testsuite>
</testsuites>