<?xml version="1.0" encoding="UTF-8"?>
<testsuites name="Mocha Tests" time="27.589" tests="1" failures="1">
  <testsuite name="Root Suite" timestamp="2026-07-24T12:01:06" tests="0" file="cypress\e2e\features\login.feature" time="0.000" failures="0">
  </testsuite>
  <testsuite name="Login" timestamp="2026-07-24T12:01:06" tests="1" time="27.583" failures="1">
    <testcase name="Login Login com sucesso" time="0.000" classname="Login com sucesso">
      <failure message="Timed out retrying after 4000ms: Expected to find element: `[data-qa=&quot;login-email&quot;]`, but never found it." type="AssertionError"><![CDATA[AssertionError: Timed out retrying after 4000ms: Expected to find element: `[data-qa="login-email"]`, but never found it.
    at LoginPage.informarEmail (https://automationexercise.com/__cypress/tests?p=cypress\e2e\features\login.feature:13174:14)
    at Context.eval (https://automationexercise.com/__cypress/tests?p=cypress\e2e\features\login.feature:13199:27)
    at Registry.runStepDefinition (https://automationexercise.com/__cypress/tests?p=cypress\e2e\features\login.feature:9368:48)
    at Object.fn (https://automationexercise.com/__cypress/tests?p=cypress\e2e\features\login.feature:12371:42)
    at runStepWithLogGroup (https://automationexercise.com/__cypress/tests?p=cypress\e2e\features\login.feature:11320:29)
    at Context.eval (https://automationexercise.com/__cypress/tests?p=cypress\e2e\features\login.feature:12364:60)
    at getRet (https://automationexercise.com/__cypress/runner/cypress_runner.js:121211:20)
    at tryCatcher (https://automationexercise.com/__cypress/runner/cypress_runner.js:1780:23)
    at Promise.attempt.Promise.try (https://automationexercise.com/__cypress/runner/cypress_runner.js:4288:29)]]></failure>
    </testcase>
  </testsuite>
</testsuites>